2018-06-07 13:02:42 - PHP Warning:  imagecreatetruecolor() expects parameter 1 to be long, string given in W:\domains\electro.os\system\library\image.php on line 169
2018-06-07 13:02:42 - PHP Warning:  imagecolorallocate() expects parameter 1 to be resource, null given in W:\domains\electro.os\system\library\image.php on line 177
2018-06-07 13:02:42 - PHP Warning:  imagefilledrectangle() expects parameter 1 to be resource, null given in W:\domains\electro.os\system\library\image.php on line 180
2018-06-07 13:02:42 - PHP Warning:  imagecopyresampled() expects parameter 1 to be resource, null given in W:\domains\electro.os\system\library\image.php on line 182
2018-06-07 13:02:42 - PHP Warning:  imagecreatetruecolor() expects parameter 1 to be long, string given in W:\domains\electro.os\system\library\image.php on line 169
2018-06-07 13:02:42 - PHP Warning:  imagecolorallocate() expects parameter 1 to be resource, null given in W:\domains\electro.os\system\library\image.php on line 177
2018-06-07 13:02:42 - PHP Warning:  imagefilledrectangle() expects parameter 1 to be resource, null given in W:\domains\electro.os\system\library\image.php on line 180
2018-06-07 13:02:42 - PHP Warning:  imagecopyresampled() expects parameter 1 to be resource, null given in W:\domains\electro.os\system\library\image.php on line 182
2018-06-07 13:02:42 - PHP Warning:  imagecreatetruecolor() expects parameter 1 to be long, string given in W:\domains\electro.os\system\library\image.php on line 169
2018-06-07 13:02:42 - PHP Warning:  imagecolorallocate() expects parameter 1 to be resource, null given in W:\domains\electro.os\system\library\image.php on line 177
2018-06-07 13:02:42 - PHP Warning:  imagefilledrectangle() expects parameter 1 to be resource, null given in W:\domains\electro.os\system\library\image.php on line 180
2018-06-07 13:02:42 - PHP Warning:  imagecopyresampled() expects parameter 1 to be resource, null given in W:\domains\electro.os\system\library\image.php on line 182
2018-06-07 13:02:42 - PHP Warning:  imagecreatetruecolor() expects parameter 1 to be long, string given in W:\domains\electro.os\system\library\image.php on line 169
2018-06-07 13:02:42 - PHP Warning:  imagecolorallocate() expects parameter 1 to be resource, null given in W:\domains\electro.os\system\library\image.php on line 177
2018-06-07 13:02:42 - PHP Warning:  imagefilledrectangle() expects parameter 1 to be resource, null given in W:\domains\electro.os\system\library\image.php on line 180
2018-06-07 13:02:42 - PHP Warning:  imagecopyresampled() expects parameter 1 to be resource, null given in W:\domains\electro.os\system\library\image.php on line 182
2018-06-07 14:09:54 - PHP Notice:  Undefined index: name in W:\domains\electro.os\catalog\controller\extension\module\featured.php on line 16
2018-06-07 14:09:54 - PHP Notice:  Undefined index: category_id in W:\domains\electro.os\catalog\controller\extension\module\featured.php on line 17
2018-06-07 14:11:35 - PHP Notice:  Undefined index: name in W:\domains\electro.os\catalog\controller\extension\module\featured.php on line 16
2018-06-07 14:11:35 - PHP Notice:  Undefined index: category_id in W:\domains\electro.os\catalog\controller\extension\module\featured.php on line 17
2018-06-07 14:13:27 - PHP Notice:  Undefined variable: data in W:\domains\electro.os\catalog\controller\extension\module\featured.php on line 23
2018-06-07 14:14:36 - PHP Notice:  Undefined variable: data in W:\domains\electro.os\catalog\controller\extension\module\featured.php on line 23
2018-06-07 14:15:29 - PHP Notice:  Undefined variable: data in W:\domains\electro.os\catalog\controller\extension\module\featured.php on line 23
2018-06-07 14:19:18 - PHP Notice:  Undefined index: name in W:\domains\electro.os\catalog\controller\extension\module\featured.php on line 17
2018-06-07 14:19:18 - PHP Notice:  Undefined index: category_id in W:\domains\electro.os\catalog\controller\extension\module\featured.php on line 18
2018-06-07 14:19:38 - PHP Notice:  Undefined index: name in W:\domains\electro.os\catalog\controller\extension\module\featured.php on line 17
2018-06-07 14:19:38 - PHP Notice:  Undefined index: category_id in W:\domains\electro.os\catalog\controller\extension\module\featured.php on line 18
2018-06-07 14:20:22 - PHP Notice:  Undefined index: name in W:\domains\electro.os\catalog\controller\extension\module\featured.php on line 17
2018-06-07 14:20:22 - PHP Notice:  Undefined index: category_id in W:\domains\electro.os\catalog\controller\extension\module\featured.php on line 18
2018-06-07 14:21:11 - PHP Notice:  Undefined index: name in W:\domains\electro.os\catalog\controller\extension\module\featured.php on line 18
2018-06-07 14:21:11 - PHP Notice:  Undefined index: category_id in W:\domains\electro.os\catalog\controller\extension\module\featured.php on line 19
2018-06-07 14:21:37 - PHP Notice:  Undefined index: name in W:\domains\electro.os\catalog\controller\extension\module\featured.php on line 18
2018-06-07 14:21:37 - PHP Notice:  Undefined index: category_id in W:\domains\electro.os\catalog\controller\extension\module\featured.php on line 19
2018-06-07 14:26:52 - PHP Notice:  Undefined index: name in W:\domains\electro.os\catalog\controller\extension\module\featured.php on line 18
2018-06-07 14:26:52 - PHP Notice:  Undefined index: category_id in W:\domains\electro.os\catalog\controller\extension\module\featured.php on line 19
2018-06-07 14:27:10 - PHP Notice:  Undefined index: name in W:\domains\electro.os\catalog\controller\extension\module\featured.php on line 18
2018-06-07 14:27:10 - PHP Notice:  Undefined index: category_id in W:\domains\electro.os\catalog\controller\extension\module\featured.php on line 19
2018-06-07 14:28:05 - PHP Notice:  Undefined variable: data in W:\domains\electro.os\catalog\controller\extension\module\featured.php on line 26
2018-06-07 14:28:27 - PHP Notice:  Undefined variable: data in W:\domains\electro.os\catalog\controller\extension\module\featured.php on line 26
2018-06-07 14:29:12 - PHP Notice:  Undefined variable: data in W:\domains\electro.os\catalog\controller\extension\module\featured.php on line 26
2018-06-07 14:31:11 - PHP Notice:  Undefined variable: data in W:\domains\electro.os\catalog\controller\extension\module\featured.php on line 26
2018-06-07 14:32:45 - PHP Notice:  Undefined index: name in W:\domains\electro.os\catalog\controller\extension\module\featured.php on line 18
2018-06-07 14:32:45 - PHP Notice:  Undefined index: category_id in W:\domains\electro.os\catalog\controller\extension\module\featured.php on line 19
2018-06-08 12:52:40 - PHP Notice:  Undefined variable: content in W:\domains\electro.os\catalog\controller\product\product.php on line 259
2018-06-08 18:45:37 - PHP Warning:  trim() expects parameter 1 to be string, array given in W:\domains\electro.os\catalog\controller\extension\module\carousel.php on line 47
2018-06-08 18:47:16 - PHP Warning:  trim() expects parameter 1 to be string, array given in W:\domains\electro.os\catalog\controller\extension\module\carousel.php on line 48
2018-06-08 18:47:16 - PHP Warning:  trim() expects parameter 1 to be string, array given in W:\domains\electro.os\catalog\controller\extension\module\carousel.php on line 48
2018-06-08 18:59:17 - PHP Notice:  Undefined variable: request_uri in W:\domains\electro.os\catalog\controller\extension\module\carousel.php on line 52
2018-06-08 19:15:26 - PHP Notice:  Array to string conversion in W:\domains\electro.os\system\library\template\Twig\Environment.php(403) : eval()'d code on line 64
2018-06-08 19:15:26 - PHP Notice:  Array to string conversion in W:\domains\electro.os\system\library\template\Twig\Environment.php(403) : eval()'d code on line 64
2018-06-08 19:15:26 - PHP Notice:  Array to string conversion in W:\domains\electro.os\system\library\template\Twig\Environment.php(403) : eval()'d code on line 64
2018-06-08 19:15:26 - PHP Notice:  Array to string conversion in W:\domains\electro.os\system\library\template\Twig\Environment.php(403) : eval()'d code on line 64
2018-06-08 19:15:26 - PHP Notice:  Array to string conversion in W:\domains\electro.os\system\library\template\Twig\Environment.php(403) : eval()'d code on line 64
2018-06-08 19:15:26 - PHP Notice:  Array to string conversion in W:\domains\electro.os\system\library\template\Twig\Environment.php(403) : eval()'d code on line 64
2018-06-08 19:15:26 - PHP Notice:  Array to string conversion in W:\domains\electro.os\system\library\template\Twig\Environment.php(403) : eval()'d code on line 64
2018-06-08 19:15:26 - PHP Notice:  Array to string conversion in W:\domains\electro.os\system\library\template\Twig\Environment.php(403) : eval()'d code on line 64
